<?xml version="1.0" encoding="UTF-8"?>
<!-- Generated by org.testng.reporters.JUnitReportReporter -->
<testsuite hostname="DESKTOP-BBHK0OG" failures="0" tests="3" name="TestNG_New.Repeat2" time="0.024" errors="0" timestamp="2025-04-17T16:18:13 IST" skipped="0">
  <testcase classname="TestNG_New.Repeat2" name="paper" time="0.012"/>
  <testcase classname="TestNG_New.Repeat2" name="paper" time="0.009"/>
  <testcase classname="TestNG_New.Repeat2" name="paper" time="0.003"/>
</testsuite> <!-- TestNG_New.Repeat2 -->
