<?xml version="1.0" encoding="UTF-8"?>
<!-- Generated by org.testng.reporters.JUnitReportReporter -->
<testsuite hostname="DESKTOP-BBHK0OG" failures="0" tests="4" name="TestNG_New.Dataprovider1" time="21.005" errors="0" timestamp="2025-04-18T15:03:07 IST" skipped="0">
  <testcase classname="TestNG_New.Dataprovider1" name="login" time="4.697"/>
  <testcase classname="TestNG_New.Dataprovider1" name="login" time="5.162"/>
  <testcase classname="TestNG_New.Dataprovider1" name="login" time="4.825"/>
  <testcase classname="TestNG_New.Dataprovider1" name="login" time="6.321"/>
</testsuite> <!-- TestNG_New.Dataprovider1 -->
