<?xml version="1.0" encoding="UTF-8"?>
<!-- Generated by org.testng.reporters.JUnitReportReporter -->
<testsuite hostname="DESKTOP-BBHK0OG" failures="0" tests="3" name="Dependency.Payment_test" time="0.021" errors="0" timestamp="2025-02-22T21:13:22 IST" skipped="0">
  <testcase classname="Dependency.Payment_test" name="rupees" time="0.013"/>
  <testcase classname="Dependency.Payment_test" name="dollar" time="0.005"/>
  <testcase classname="Dependency.Payment_test" name="eurons" time="0.003"/>
</testsuite> <!-- Dependency.Payment_test -->
