<?xml version="1.0" encoding="UTF-8"?>
<!-- Generated by org.testng.reporters.JUnitReportReporter -->
<testsuite hostname="DESKTOP-BBHK0OG" failures="0" tests="2" name="Day43.c2" time="0.007" errors="0" timestamp="10 Feb 2025 13:37:51 GMT">
  <testcase classname="Day43.c2" name="xyz" time="0.004"/>
  <testcase classname="Day43.c2" name="xyz" time="0.003"/>
</testsuite> <!-- Day43.c2 -->
