<?xml version="1.0" encoding="UTF-8"?>
<!-- Generated by org.testng.reporters.JUnitReportReporter -->
<testsuite hostname="DESKTOP-BBHK0OG" failures="0" tests="3" name="TestNG_New.Time1" time="0.019" errors="0" timestamp="2025-04-17T19:13:33 IST" skipped="0">
  <testcase classname="TestNG_New.Time1" name="product" time="0.002"/>
  <testcase classname="TestNG_New.Time1" name="sample" time="0.015"/>
  <testcase classname="TestNG_New.Time1" name="shampoo" time="0.002"/>
</testsuite> <!-- TestNG_New.Time1 -->
