<?xml version="1.0" encoding="UTF-8"?>
<!-- Generated by org.testng.reporters.JUnitReportReporter -->
<testsuite hostname="DESKTOP-BBHK0OG" failures="0" tests="3" name="Dependency.Login_test" time="0.025" errors="0" timestamp="2025-02-22T21:00:27 IST" skipped="0">
  <testcase classname="Dependency.Login_test" name="Loginbyemail" time="0.017"/>
  <testcase classname="Dependency.Login_test" name="Loginbyfacebook" time="0.004"/>
  <testcase classname="Dependency.Login_test" name="Loginbytwitter" time="0.004"/>
</testsuite> <!-- Dependency.Login_test -->
