<?xml version="1.0" encoding="UTF-8"?>
<!-- Generated by org.testng.reporters.JUnitReportReporter -->
<testsuite hostname="DESKTOP-BBHK0OG" failures="0" tests="2" name="TestNG_New.Sample" time="0.014" errors="0" timestamp="2025-04-17T14:57:52 IST" skipped="0">
  <testcase classname="TestNG_New.Sample" name="suzuki" time="0.002"/>
  <testcase classname="TestNG_New.Sample" name="honda" time="0.012"/>
</testsuite> <!-- TestNG_New.Sample -->
