<?xml version="1.0" encoding="UTF-8"?>
<!-- Generated by org.testng.reporters.JUnitReportReporter -->
<testsuite hostname="DESKTOP-BBHK0OG" failures="0" tests="5" name="Dependency.Dependency_test" time="0.029" errors="0" timestamp="2025-02-20T12:47:25 IST" skipped="0">
  <testcase classname="Dependency.Dependency_test" name="OpenApp" time="0.017"/>
  <testcase classname="Dependency.Dependency_test" name="Login" time="0.002"/>
  <testcase classname="Dependency.Dependency_test" name="Search" time="0.005"/>
  <testcase classname="Dependency.Dependency_test" name="Advsearch" time="0.002"/>
  <testcase classname="Dependency.Dependency_test" name="Logout" time="0.003"/>
</testsuite> <!-- Dependency.Dependency_test -->
