<?xml version="1.0" encoding="UTF-8"?>
<!-- Generated by org.testng.reporters.JUnitReportReporter -->
<testsuite hostname="DESKTOP-BBHK0OG" failures="0" tests="2" name="TestNG_New.TestNG_Demo" time="6.534" errors="0" timestamp="2025-03-05T13:36:19 IST" skipped="0">
  <testcase classname="TestNG_New.TestNG_Demo" name="verifyfacebookisworking" time="3.610"/>
  <testcase classname="TestNG_New.TestNG_Demo" name="verifygoogleisworking" time="2.924"/>
</testsuite> <!-- TestNG_New.TestNG_Demo -->
