<?xml version="1.0" encoding="UTF-8"?>
<!-- Generated by org.testng.reporters.JUnitReportReporter -->
<testsuite hostname="DESKTOP-BBHK0OG" failures="0" tests="2" name="Testng_work_demo.Annotation_demo2" time="0.028" errors="0" timestamp="10 Feb 2025 11:41:50 GMT">
  <testcase classname="Testng_work_demo.Annotation_demo2" name="advsearch" time="0.002"/>
  <testcase classname="Testng_work_demo.Annotation_demo2" name="search" time="0.026"/>
</testsuite> <!-- Testng_work_demo.Annotation_demo2 -->
