<?xml version="1.0" encoding="UTF-8"?>
<!-- Generated by org.testng.reporters.JUnitReportReporter -->
<testsuite hostname="DESKTOP-BBHK0OG" failures="0" tests="1" name="TestNG_scripts.Assertions_one" time="0.029" errors="0" timestamp="12 Feb 2025 07:21:20 GMT">
  <testcase classname="TestNG_scripts.Assertions_one" name="add" time="0.029"/>
</testsuite> <!-- TestNG_scripts.Assertions_one -->
