<?xml version="1.0" encoding="UTF-8"?>
<!-- Generated by org.testng.reporters.JUnitReportReporter -->
<testsuite hostname="DESKTOP-BBHK0OG" failures="0" tests="1" name="TestNG_New.Softassertion1" time="8.097" errors="0" timestamp="2025-04-20T21:33:43 IST" skipped="0">
  <testcase classname="TestNG_New.Softassertion1" name="practice" time="8.097"/>
</testsuite> <!-- TestNG_New.Softassertion1 -->
