<?xml version="1.0" encoding="UTF-8"?>
<!-- Generated by org.testng.reporters.JUnitReportReporter -->
<testsuite hostname="DESKTOP-BBHK0OG" failures="0" tests="2" name="Day43.c1" time="0.034" errors="0" timestamp="10 Feb 2025 13:37:51 GMT">
  <testcase classname="Day43.c1" name="abc" time="0.029"/>
  <testcase classname="Day43.c1" name="abc" time="0.005"/>
</testsuite> <!-- Day43.c1 -->
