<?xml version="1.0" encoding="UTF-8"?>
<!-- Generated by org.testng.reporters.JUnitReportReporter -->
<testsuite hostname="DESKTOP-BBHK0OG" failures="0" tests="1" name="TestNG_New.Assertionsss" time="3.093" errors="0" timestamp="2025-04-18T20:16:54 IST" skipped="0">
  <testcase classname="TestNG_New.Assertionsss" name="title1" time="3.093"/>
</testsuite> <!-- TestNG_New.Assertionsss -->
