<?xml version="1.0" encoding="UTF-8"?>
<!-- Generated by org.testng.reporters.JUnitReportReporter -->
<testsuite hostname="DESKTOP-BBHK0OG" failures="0" tests="2" name="Testng_work_demo.Groups_testng" time="0.008" errors="0" timestamp="2025-04-17T15:51:42 IST" skipped="0">
  <testcase classname="Testng_work_demo.Groups_testng" name="test" time="0.006"/>
  <testcase classname="Testng_work_demo.Groups_testng" name="test1" time="0.002"/>
</testsuite> <!-- Testng_work_demo.Groups_testng -->
