<?xml version="1.0" encoding="UTF-8"?>
<!-- Generated by org.testng.reporters.JUnitReportReporter -->
<testsuite hostname="DESKTOP-BBHK0OG" failures="0" tests="1" name="TestNG_New.ReadExcelsheet" time="1.097" errors="0" timestamp="2025-04-18T12:11:36 IST" skipped="0">
  <testcase classname="TestNG_New.ReadExcelsheet" name="fullexcel" time="1.097"/>
</testsuite> <!-- TestNG_New.ReadExcelsheet -->
