<?xml version="1.0" encoding="UTF-8"?>
<!-- Generated by org.testng.reporters.JUnitReportReporter -->
<testsuite hostname="DESKTOP-BBHK0OG" failures="0" tests="3" name="Dependency.Signup" time="0.019" errors="0" timestamp="2025-02-22T21:03:46 IST" skipped="0">
  <testcase classname="Dependency.Signup" name="signupbytwitter" time="0.003"/>
  <testcase classname="Dependency.Signup" name="signupbyemail" time="0.014"/>
  <testcase classname="Dependency.Signup" name="signupbyfacebook" time="0.002"/>
</testsuite> <!-- Dependency.Signup -->
