<?xml version="1.0" encoding="UTF-8"?>
<!-- Generated by org.testng.reporters.JUnitReportReporter -->
<testsuite hostname="DESKTOP-BBHK0OG" failures="0" tests="1" name="Assertions_demo.Assertions1" time="3.789" errors="0" timestamp="2025-03-07T12:50:24 IST" skipped="0">
  <testcase classname="Assertions_demo.Assertions1" name="test1" time="3.789"/>
</testsuite> <!-- Assertions_demo.Assertions1 -->
