<?xml version="1.0" encoding="UTF-8"?>
<!-- Generated by org.testng.reporters.JUnitReportReporter -->
<testsuite hostname="DESKTOP-BBHK0OG" failures="0" tests="2" name="TestNG_New.TestNG_Demo" time="7.539" errors="0" timestamp="2025-03-06T13:34:10 IST" skipped="0">
  <testcase classname="TestNG_New.TestNG_Demo" name="verifyfacebookisworking" time="2.844"/>
  <testcase classname="TestNG_New.TestNG_Demo" name="verifygoogleisworking" time="4.695"/>
</testsuite> <!-- TestNG_New.TestNG_Demo -->
