<?xml version="1.0" encoding="UTF-8"?>
<!-- Generated by org.testng.reporters.JUnitReportReporter -->
<testsuite hostname="DESKTOP-BBHK0OG" failures="0" tests="3" name="Testng_work_demo.Testng_demo_one" time="0.030" errors="0" timestamp="29 Jan 2025 01:25:18 GMT">
  <testcase classname="Testng_work_demo.Testng_demo_one" name="loginapp" time="0.003"/>
  <testcase classname="Testng_work_demo.Testng_demo_one" name="openapp" time="0.024"/>
  <testcase classname="Testng_work_demo.Testng_demo_one" name="logoutapp" time="0.003"/>
</testsuite> <!-- Testng_work_demo.Testng_demo_one -->
