<?xml version="1.0" encoding="UTF-8"?>
<!-- Generated by org.testng.reporters.JUnitReportReporter -->
<testsuite hostname="DESKTOP-BBHK0OG" failures="0" tests="1" name="Datadriventest.Data_demo" time="0.858" errors="0" timestamp="6 Feb 2025 06:17:57 GMT">
  <testcase classname="Datadriventest.Data_demo" name="readallexcelfile" time="0.858"/>
</testsuite> <!-- Datadriventest.Data_demo -->
