<?xml version="1.0" encoding="UTF-8"?>
<!-- Generated by org.testng.reporters.JUnitReportReporter -->
<testsuite hostname="DESKTOP-BBHK0OG" failures="0" tests="4" name="Testng_work_demo.Groups_testng" time="0.037" errors="0" timestamp="5 Feb 2025 10:30:50 GMT">
  <testcase classname="Testng_work_demo.Groups_testng" name="test3" time="0.008"/>
  <testcase classname="Testng_work_demo.Groups_testng" name="test" time="0.019"/>
  <testcase classname="Testng_work_demo.Groups_testng" name="test1" time="0.002"/>
  <testcase classname="Testng_work_demo.Groups_testng" name="test2" time="0.008"/>
</testsuite> <!-- Testng_work_demo.Groups_testng -->
