<?xml version="1.0" encoding="UTF-8"?>
<!-- Generated by org.testng.reporters.JUnitReportReporter -->
<testsuite hostname="DESKTOP-BBHK0OG" failures="0" tests="2" name="Testng_work_demo.Test3" time="8.831" errors="0" timestamp="30 Jan 2025 05:17:16 GMT">
  <testcase classname="Testng_work_demo.Test3" name="testmail" time="4.452"/>
  <testcase classname="Testng_work_demo.Test3" name="testnop" time="4.379"/>
</testsuite> <!-- Testng_work_demo.Test3 -->
