<?xml version="1.0" encoding="UTF-8"?>
<!-- Generated by org.testng.reporters.JUnitReportReporter -->
<testsuite hostname="DESKTOP-BBHK0OG" failures="0" tests="3" name="Testng_work_demo.Timeout_demo" time="0.028" errors="0" timestamp="5 Feb 2025 12:23:57 GMT">
  <testcase classname="Testng_work_demo.Timeout_demo" name="Log" time="0.018"/>
  <testcase classname="Testng_work_demo.Timeout_demo" name="Login" time="0.007"/>
  <testcase classname="Testng_work_demo.Timeout_demo" name="Logout" time="0.003"/>
</testsuite> <!-- Testng_work_demo.Timeout_demo -->
