<?xml version="1.0" encoding="UTF-8"?>
<!-- Generated by org.testng.reporters.JUnitReportReporter -->
<testsuite hostname="DESKTOP-BBHK0OG" failures="0" tests="2" name="Day43.c3" time="0.005" errors="0" timestamp="10 Feb 2025 13:37:51 GMT">
  <testcase classname="Day43.c3" name="asd" time="0.004"/>
  <testcase classname="Day43.c3" name="asd" time="0.001"/>
</testsuite> <!-- Day43.c3 -->
