<?xml version="1.0" encoding="UTF-8"?>
<!-- Generated by org.testng.reporters.JUnitReportReporter -->
<testsuite hostname="DESKTOP-BBHK0OG" failures="0" tests="2" name="Testng_work_demo.Annotation_demo1" time="0.039" errors="0" timestamp="10 Feb 2025 11:27:49 GMT">
  <testcase classname="Testng_work_demo.Annotation_demo1" name="advsearch" time="0.007"/>
  <testcase classname="Testng_work_demo.Annotation_demo1" name="search" time="0.032"/>
</testsuite> <!-- Testng_work_demo.Annotation_demo1 -->
