<?xml version="1.0" encoding="UTF-8"?>
<!-- Generated by org.testng.reporters.JUnitReportReporter -->
<testsuite hostname="DESKTOP-BBHK0OG" failures="0" tests="3" name="Parallel_execution.Ptests" time="10.208" errors="0" timestamp="28 Jan 2025 05:31:20 GMT">
  <testcase classname="Parallel_execution.Ptests" name="test1" time="4.078"/>
  <testcase classname="Parallel_execution.Ptests" name="test2" time="3.348"/>
  <testcase classname="Parallel_execution.Ptests" name="test3" time="2.782"/>
</testsuite> <!-- Parallel_execution.Ptests -->
