<?xml version="1.0" encoding="UTF-8"?>
<!-- Generated by org.testng.reporters.JUnitReportReporter -->
<testsuite hostname="DESKTOP-BBHK0OG" failures="0" tests="1" name="TestNG_New.Practice_web" time="15.716" errors="0" timestamp="2025-03-07T12:23:26 IST" skipped="0">
  <testcase classname="TestNG_New.Practice_web" name="webinputs" time="15.716"/>
</testsuite> <!-- TestNG_New.Practice_web -->
