<?xml version="1.0" encoding="UTF-8"?>
<!-- Generated by org.testng.reporters.JUnitReportReporter -->
<testsuite hostname="DESKTOP-BBHK0OG" failures="0" tests="4" name="Testng_work_demo.Orange_TestNG" time="10.875" errors="0" timestamp="31 Jan 2025 14:09:40 GMT">
  <testcase classname="Testng_work_demo.Orange_TestNG" name="Testlogin" time="1.523"/>
  <testcase classname="Testng_work_demo.Orange_TestNG" name="Testclose" time="0.390"/>
  <testcase classname="Testng_work_demo.Orange_TestNG" name="Testlogo" time="4.107"/>
  <testcase classname="Testng_work_demo.Orange_TestNG" name="openapp" time="4.855"/>
</testsuite> <!-- Testng_work_demo.Orange_TestNG -->
