<?xml version="1.0" encoding="UTF-8"?>
<!-- Generated by org.testng.reporters.JUnitReportReporter -->
<testsuite hostname="DESKTOP-BBHK0OG" failures="0" tests="2" name="Testng_work_demo.Practice_Login" time="0.028" errors="0" timestamp="29 Jan 2025 17:04:10 GMT">
  <testcase classname="Testng_work_demo.Practice_Login" name="test1" time="0.005"/>
  <testcase classname="Testng_work_demo.Practice_Login" name="test" time="0.023"/>
</testsuite> <!-- Testng_work_demo.Practice_Login -->
