<?xml version="1.0" encoding="UTF-8"?>
<!-- Generated by org.testng.reporters.JUnitReportReporter -->
<testsuite hostname="DESKTOP-BBHK0OG" failures="0" tests="4" name="TestNG_New.Groups1" time="0.019" errors="0" timestamp="2025-04-17T15:53:22 IST" skipped="0">
  <testcase classname="TestNG_New.Groups1" name="regression" time="0.010"/>
  <testcase classname="TestNG_New.Groups1" name="regression1" time="0.002"/>
  <testcase classname="TestNG_New.Groups1" name="uat" time="0.006"/>
  <testcase classname="TestNG_New.Groups1" name="regression3" time="0.001"/>
</testsuite> <!-- TestNG_New.Groups1 -->
