<?xml version="1.0" encoding="UTF-8"?>
<!-- Generated by org.testng.reporters.JUnitReportReporter -->
<testsuite hostname="DESKTOP-BBHK0OG" failures="0" tests="1" name="TestNG_scripts.Assert_demo" time="0.019" errors="0" timestamp="12 Feb 2025 07:56:25 GMT">
  <testcase classname="TestNG_scripts.Assert_demo" name="testtitle" time="0.019"/>
</testsuite> <!-- TestNG_scripts.Assert_demo -->
