<?xml version="1.0" encoding="UTF-8"?>
<!-- Generated by org.testng.reporters.JUnitReportReporter -->
<testsuite hostname="DESKTOP-BBHK0OG" failures="0" tests="2" name="Alltestannotations.AllAnnotations" time="0.016" errors="0" timestamp="11 Feb 2025 04:19:20 GMT">
  <testcase classname="Alltestannotations.AllAnnotations" name="testMethod2" time="0.014"/>
  <testcase classname="Alltestannotations.AllAnnotations" name="testMethod1" time="0.002"/>
</testsuite> <!-- Alltestannotations.AllAnnotations -->
