<?xml version="1.0" encoding="UTF-8"?>
<!-- Generated by org.testng.reporters.JUnitReportReporter -->
<testsuite hostname="DESKTOP-BBHK0OG" failures="0" tests="6" name="TestNG_New.Annotation_demo" time="2.050" errors="1" timestamp="2025-03-06T13:34:10 IST" skipped="1">
  <testcase classname="TestNG_New.Annotation_demo" name="smoke" time="0.003"/>
  <testcase classname="TestNG_New.Annotation_demo" name="test1" time="0.005"/>
  <testcase classname="TestNG_New.Annotation_demo" name="regression" time="2.030">
    <error message="Method TestNG_New.Annotation_demo.regression() didn&#039;t finish within the time-out 2000" type="org.testng.internal.thread.ThreadTimeoutException">
      <![CDATA[org.testng.internal.thread.ThreadTimeoutException: Method TestNG_New.Annotation_demo.regression() didn't finish within the time-out 2000
at java.base/java.lang.Thread.sleep0(Native Method)
at java.base/java.lang.Thread.sleep(Thread.java:509)
at TestNG_New.Annotation_demo.regression(Annotation_demo.java:43)
at java.base/jdk.internal.reflect.DirectMethodHandleAccessor.invoke(DirectMethodHandleAccessor.java:103)
at java.base/java.lang.reflect.Method.invoke(Method.java:580)
at org.testng.internal.invokers.MethodInvocationHelper.invokeMethod(MethodInvocationHelper.java:141)
at org.testng.internal.invokers.InvokeMethodRunnable.runOne(InvokeMethodRunnable.java:47)
at org.testng.internal.invokers.InvokeMethodRunnable.call(InvokeMethodRunnable.java:73)
at org.testng.internal.invokers.InvokeMethodRunnable.call(InvokeMethodRunnable.java:11)
at java.base/java.util.concurrent.FutureTask.run(FutureTask.java:317)
at java.base/java.util.concurrent.ThreadPoolExecutor.runWorker(ThreadPoolExecutor.java:1144)
at java.base/java.util.concurrent.ThreadPoolExecutor$Worker.run(ThreadPoolExecutor.java:642)
at java.base/java.lang.Thread.run(Thread.java:1583)
]]>
    </error>
  </testcase> <!-- regression -->
  <testcase classname="TestNG_New.Annotation_demo" name="test1" time="0.009"/>
  <testcase classname="TestNG_New.Annotation_demo" name="test1" time="0.003"/>
  <testcase classname="TestNG_New.Annotation_demo" name="test2">
    <skipped/>
  </testcase> <!-- test2 -->
</testsuite> <!-- TestNG_New.Annotation_demo -->
