<?xml version="1.0" encoding="UTF-8"?>
<!-- Generated by org.testng.reporters.JUnitReportReporter -->
<testsuite hostname="DESKTOP-BBHK0OG" failures="0" tests="1" name="TestNG_New.Softassertion1" time="9.468" errors="0" timestamp="2025-04-21T10:12:20 IST" skipped="0">
  <testcase classname="TestNG_New.Softassertion1" name="practice" time="9.468"/>
</testsuite> <!-- TestNG_New.Softassertion1 -->
